Using pre-set license
Built from '2021.1/staging' branch; Version is '2021.1.0b11 (ddf8e7a924bd) revision 14547175'; Using compiler version '192528614'; Build Type 'Release'
OS: 'Windows 10 Enterprise; OS build 17134.285; Version 1803; 64bit' Language: 'en' Physical Memory: 16336 MB
BatchMode: 1, IsHumanControllingUs: 0, StartBugReporterOnCrash: 0, Is64bit: 1, IsPro: 0

 COMMAND LINE ARGUMENTS:
M:\Unity Editors\2021.1.0b11\Editor\Unity.exe
-adb2
-batchMode
-noUpm
-name
AssetImportWorker0
-projectPath
M:/UnityProjects/The-Spider
-logFile
Logs/AssetImportWorker0.log
-srvPort
57188
Successfully changed project path to: M:/UnityProjects/The-Spider
M:/UnityProjects/The-Spider
Using Asset Import Pipeline V2.
Refreshing native plugins compatible for Editor in 112.34 ms, found 1 plugins.
Preloading 0 native plugins for Editor in 0.00 ms.
Initialize engine version: 2021.1.0b11 (ddf8e7a924bd)
[Subsystems] Discovering subsystems at path M:/Unity Editors/2021.1.0b11/Editor/Data/Resources/UnitySubsystems
[Subsystems] Discovering subsystems at path M:/UnityProjects/The-Spider/Assets
GfxDevice: creating device client; threaded=0; jobified=0
Direct3D:
    Version:  Direct3D 11.0 [level 11.1]
    Renderer: NVIDIA GeForce GTX 980 (ID=0x13c0)
    Vendor:   NVIDIA
    VRAM:     4053 MB
    Driver:   30.0.14.9613
Shader '2DxFX/AL/4Gradients': fallback shader 'Sprites-Defaultt' not found
Initialize mono
Mono path[0] = 'M:/Unity Editors/2021.1.0b11/Editor/Data/Managed'
Mono path[1] = 'M:/Unity Editors/2021.1.0b11/Editor/Data/MonoBleedingEdge/lib/mono/unityjit'
Mono config path = 'M:/Unity Editors/2021.1.0b11/Editor/Data/MonoBleedingEdge/etc'
Using monoOptions --debugger-agent=transport=dt_socket,embedding=1,server=y,suspend=n,address=127.0.0.1:56712
Begin MonoManager ReloadAssembly
Registering precompiled unity dll's ...
Register platform support module: M:/Unity Editors/2021.1.0b11/Editor/Data/PlaybackEngines/WebGLSupport/UnityEditor.WebGL.Extensions.dll
Register platform support module: M:/Unity Editors/2021.1.0b11/Editor/Data/PlaybackEngines/MacStandaloneSupport/UnityEditor.OSXStandalone.Extensions.dll
Register platform support module: M:/Unity Editors/2021.1.0b11/Editor/Data/PlaybackEngines/WindowsStandaloneSupport/UnityEditor.WindowsStandalone.Extensions.dll
Register platform support module: M:/Unity Editors/2021.1.0b11/Editor/Data/PlaybackEngines/LinuxStandaloneSupport/UnityEditor.LinuxStandalone.Extensions.dll
Registered in 0.001993 seconds.
Native extension for LinuxStandalone target not found
Native extension for WindowsStandalone target not found
Native extension for OSXStandalone target not found
Native extension for WebGL target not found
Refreshing native plugins compatible for Editor in 105.38 ms, found 1 plugins.
Preloading 0 native plugins for Editor in 0.00 ms.
Mono: successfully reloaded assembly
- Completed reload, in  1.323 seconds
Platform modules already initialized, skipping
Registering precompiled user dll's ...
Registered in 0.001519 seconds.
Begin MonoManager ReloadAssembly
Native extension for LinuxStandalone target not found
Native extension for WindowsStandalone target not found
Native extension for OSXStandalone target not found
Native extension for WebGL target not found
Refreshing native plugins compatible for Editor in 1.08 ms, found 1 plugins.
Preloading 0 native plugins for Editor in 0.00 ms.
Mono: successfully reloaded assembly
- Completed reload, in  1.139 seconds
Platform modules already initialized, skipping
========================================================================
Worker process is ready to serve import requests
Shader '2DxFX/AL/4Gradients': fallback shader 'Sprites-Defaultt' not found
Launched and connected shader compiler UnityShaderCompiler.exe after 0.03 seconds
Refreshing native plugins compatible for Editor in 1.41 ms, found 1 plugins.
Preloading 0 native plugins for Editor in 0.00 ms.
Unloading 2323 Unused Serialized files (Serialized files now loaded: 0)
System memory in use before: 262.3 MB.
System memory in use after: 262.5 MB.

Unloading 69 unused Assets to reduce memory usage. Loaded Objects now: 2842.
Total: 3.005899 ms (FindLiveObjects: 0.279136 ms CreateObjectMapping: 0.131305 ms MarkObjects: 2.332246 ms  DeleteObjects: 0.262010 ms)

========================================================================
Received Import Request.
  path: Assets/Scripts/UI/CustomizeCharacterWindowUI.cs
  artifactKey: Guid(bd650d4db633e7a42af0fd7b4c23c33e) Importer(2089858483,934ff659095e30574adcf32a4c2f97b5)
Start importing Assets/Scripts/UI/CustomizeCharacterWindowUI.cs using Guid(bd650d4db633e7a42af0fd7b4c23c33e) Importer(2089858483,934ff659095e30574adcf32a4c2f97b5)  -> (artifact id: '670adf6ea2e384a1005aef9a9a44abb2') in 0.099080 seconds 
========================================================================
Received Import Request.
  Time since last request: 0.000190 seconds.
  path: Assets/Scenes/PRELOADER.unity
  artifactKey: Guid(8a0799ae89eaffc4abd0fd0fec608e87) Importer(2089858483,934ff659095e30574adcf32a4c2f97b5)
Start importing Assets/Scenes/PRELOADER.unity using Guid(8a0799ae89eaffc4abd0fd0fec608e87) Importer(2089858483,934ff659095e30574adcf32a4c2f97b5)  -> (artifact id: 'f0d5709b02295f22e475d78fed3c5d22') in 0.010363 seconds 
========================================================================
Received Import Request.
  Time since last request: 0.000223 seconds.
  path: Assets/Scripts/UI/CustomizeFactionWindowUI.cs
  artifactKey: Guid(acfb21685e82dc94b926ea93eed7a7ee) Importer(2089858483,934ff659095e30574adcf32a4c2f97b5)
Start importing Assets/Scripts/UI/CustomizeFactionWindowUI.cs using Guid(acfb21685e82dc94b926ea93eed7a7ee) Importer(2089858483,934ff659095e30574adcf32a4c2f97b5)  -> (artifact id: '58cc39e66c363a6ccef96295086cca5c') in 0.007839 seconds 
========================================================================
Received Import Request.
  Time since last request: 7.760013 seconds.
  path: Assets/Database/Content Bundles/Constabulary/Dialog Actions/Research Progression.asset
  artifactKey: Guid(205cb8bf2243ff540832c70fd3f93cc3) Importer(815301076,1909f56bfc062723c751e8b465ee728b)
Start importing Assets/Database/Content Bundles/Constabulary/Dialog Actions/Research Progression.asset using Guid(205cb8bf2243ff540832c70fd3f93cc3) Importer(815301076,1909f56bfc062723c751e8b465ee728b)  -> (artifact id: 'ca81d4ee69453b0407a80976eb776353') in 0.863352 seconds 
========================================================================
Received Import Request.
  Time since last request: 2.714861 seconds.
  path: Assets/Database/Content Bundles/Constabulary/Dialog Actions/Shadowbox Init.asset
  artifactKey: Guid(0a2f75d23139a7148887754676440504) Importer(2089858483,934ff659095e30574adcf32a4c2f97b5)
Start importing Assets/Database/Content Bundles/Constabulary/Dialog Actions/Shadowbox Init.asset using Guid(0a2f75d23139a7148887754676440504) Importer(2089858483,934ff659095e30574adcf32a4c2f97b5)  -> (artifact id: '154b661de62dd0f53e6bc050a1247d64') in 0.694464 seconds 
========================================================================
Received Import Request.
  Time since last request: 11.504192 seconds.
  path: Assets/Database/Content Bundles/Constabulary/Agent Actions/Question This Character.asset
  artifactKey: Guid(5338877841e5ecb4ca6e63de9c40a40b) Importer(815301076,1909f56bfc062723c751e8b465ee728b)
Start importing Assets/Database/Content Bundles/Constabulary/Agent Actions/Question This Character.asset using Guid(5338877841e5ecb4ca6e63de9c40a40b) Importer(815301076,1909f56bfc062723c751e8b465ee728b)  -> (artifact id: '9cba637a2d2a834178b4060d2954d704') in 0.693802 seconds 
========================================================================
Received Import Request.
  Time since last request: 0.000320 seconds.
  path: Assets/Database/Content Bundles/Constabulary/Agent Actions/Question This Person.asset
  artifactKey: Guid(0bb0657eb97f19348b77c2ed1417f223) Importer(815301076,1909f56bfc062723c751e8b465ee728b)
Start importing Assets/Database/Content Bundles/Constabulary/Agent Actions/Question This Person.asset using Guid(0bb0657eb97f19348b77c2ed1417f223) Importer(815301076,1909f56bfc062723c751e8b465ee728b)  -> (artifact id: '35932a29fb5fb3ad7cc65fa398eab2ca') in 0.722248 seconds 
========================================================================
Received Import Request.
  Time since last request: 18.037832 seconds.
  path: Assets/Database/Quests/Win Conditions/No Main Quest.asset
  artifactKey: Guid(f54957e8ae995444cab137dea89308e9) Importer(815301076,1909f56bfc062723c751e8b465ee728b)
Start importing Assets/Database/Quests/Win Conditions/No Main Quest.asset using Guid(f54957e8ae995444cab137dea89308e9) Importer(815301076,1909f56bfc062723c751e8b465ee728b)  -> (artifact id: 'd2f47ab9f3d084a106bfe49cd715bb64') in 0.675212 seconds 
========================================================================
Received Import Request.
  Time since last request: 0.000368 seconds.
  path: Assets/Database/Quests/Win Conditions/No Main Quest.asset
  artifactKey: Guid(f54957e8ae995444cab137dea89308e9) Importer(2089858483,934ff659095e30574adcf32a4c2f97b5)
Start importing Assets/Database/Quests/Win Conditions/No Main Quest.asset using Guid(f54957e8ae995444cab137dea89308e9) Importer(2089858483,934ff659095e30574adcf32a4c2f97b5)  -> (artifact id: '79363d8aad5cc1c21b4f6b9250fb9de6') in 0.661243 seconds 
========================================================================
Received Prepare
Registering precompiled user dll's ...
Registered in 0.001190 seconds.
Begin MonoManager ReloadAssembly
Native extension for LinuxStandalone target not found
Native extension for WindowsStandalone target not found
Native extension for OSXStandalone target not found
Native extension for WebGL target not found
Refreshing native plugins compatible for Editor in 0.97 ms, found 1 plugins.
Preloading 0 native plugins for Editor in 0.00 ms.
Mono: successfully reloaded assembly
- Completed reload, in  1.239 seconds
Platform modules already initialized, skipping
Shader '2DxFX/AL/4Gradients': fallback shader 'Sprites-Defaultt' not found
Refreshing native plugins compatible for Editor in 0.98 ms, found 1 plugins.
Preloading 0 native plugins for Editor in 0.00 ms.
Unloading 2000 Unused Serialized files (Serialized files now loaded: 0)
System memory in use before: 239.2 MB.
System memory in use after: 239.4 MB.

Unloading 68 unused Assets to reduce memory usage. Loaded Objects now: 2846.
Total: 3.962595 ms (FindLiveObjects: 0.321202 ms CreateObjectMapping: 0.144826 ms MarkObjects: 3.195496 ms  DeleteObjects: 0.298667 ms)

========================================================================
Received Import Request.
  Time since last request: 29.394165 seconds.
  path: Assets/Database/Quests/Oracles Of The Night/Quest Actions/First Letter Tutorial.asset
  artifactKey: Guid(31b30d59a74cfa64f825163ee4e557c1) Importer(815301076,1909f56bfc062723c751e8b465ee728b)
Start importing Assets/Database/Quests/Oracles Of The Night/Quest Actions/First Letter Tutorial.asset using Guid(31b30d59a74cfa64f825163ee4e557c1) Importer(815301076,1909f56bfc062723c751e8b465ee728b)  -> (artifact id: 'c3fc6747534e3209b6cbfaae9fa84b8a') in 0.009570 seconds 
========================================================================
Received Import Request.
  Time since last request: 3.660630 seconds.
  path: Assets/Database/Quests/Oracles Of The Night/Quest Actions/First Letter Tutorial 1.asset
  artifactKey: Guid(e22e1a08ca62a654d80788f5e419015b) Importer(815301076,1909f56bfc062723c751e8b465ee728b)
Start importing Assets/Database/Quests/Oracles Of The Night/Quest Actions/First Letter Tutorial 1.asset using Guid(e22e1a08ca62a654d80788f5e419015b) Importer(815301076,1909f56bfc062723c751e8b465ee728b)  -> (artifact id: '25e7b6d0f66cf1d2a64fcc4f4bf55bc7') in 0.005183 seconds 
========================================================================
Received Import Request.
  Time since last request: 0.331109 seconds.
  path: Assets/Database/Quests/Oracles Of The Night/Quest Actions/First Letter Tutorial 1.asset
  artifactKey: Guid(e22e1a08ca62a654d80788f5e419015b) Importer(2089858483,934ff659095e30574adcf32a4c2f97b5)
Start importing Assets/Database/Quests/Oracles Of The Night/Quest Actions/First Letter Tutorial 1.asset using Guid(e22e1a08ca62a654d80788f5e419015b) Importer(2089858483,934ff659095e30574adcf32a4c2f97b5)  -> (artifact id: 'e4bb1d360b924940c759f4860eb5f238') in 0.076077 seconds 
========================================================================
Received Import Request.
  Time since last request: 15.285557 seconds.
  path: Assets/Database/Content Bundles/Constabulary/Letters/We have a problem. 1.asset
  artifactKey: Guid(5a0cefce10d386c4d9e39697e85b3f5c) Importer(815301076,1909f56bfc062723c751e8b465ee728b)
Start importing Assets/Database/Content Bundles/Constabulary/Letters/We have a problem. 1.asset using Guid(5a0cefce10d386c4d9e39697e85b3f5c) Importer(815301076,1909f56bfc062723c751e8b465ee728b)  -> (artifact id: 'c29056e6a97e824f3614e30e938abd3a') in 0.843968 seconds 
========================================================================
Received Import Request.
  Time since last request: 6.575881 seconds.
  path: Assets/Database/Content Bundles/Constabulary/Letters/Sandbox.asset
  artifactKey: Guid(5a0cefce10d386c4d9e39697e85b3f5c) Importer(815301076,1909f56bfc062723c751e8b465ee728b)
Start importing Assets/Database/Content Bundles/Constabulary/Letters/Sandbox.asset using Guid(5a0cefce10d386c4d9e39697e85b3f5c) Importer(815301076,1909f56bfc062723c751e8b465ee728b)  -> (artifact id: '7a7d14039434cec5c306009b535fd587') in 0.687329 seconds 
========================================================================
Received Import Request.
  Time since last request: 50.483251 seconds.
  path: Assets/Database/Content Bundles/Constabulary/Dialog Actions/Shadowbox Init.asset
  artifactKey: Guid(0a2f75d23139a7148887754676440504) Importer(815301076,1909f56bfc062723c751e8b465ee728b)
Start importing Assets/Database/Content Bundles/Constabulary/Dialog Actions/Shadowbox Init.asset using Guid(0a2f75d23139a7148887754676440504) Importer(815301076,1909f56bfc062723c751e8b465ee728b)  -> (artifact id: 'c98f313a8e80092dc8335604a07b3221') in 0.681881 seconds 
========================================================================
Received Import Request.
  Time since last request: 8.921430 seconds.
  path: Assets/Database/Factions/Shadow Box.asset
  artifactKey: Guid(bc86109a082fae54b83e60a1bb5be309) Importer(815301076,1909f56bfc062723c751e8b465ee728b)
Start importing Assets/Database/Factions/Shadow Box.asset using Guid(bc86109a082fae54b83e60a1bb5be309) Importer(815301076,1909f56bfc062723c751e8b465ee728b)  -> (artifact id: '314dde7a143386b2e9087576494c1348') in 0.649766 seconds 
========================================================================
Received Import Request.
  Time since last request: 18.278418 seconds.
  path: Assets/Saves/shade.json
  artifactKey: Guid(4d614dd9f42440f4a8058ea10bb67abc) Importer(2089858483,934ff659095e30574adcf32a4c2f97b5)
Start importing Assets/Saves/shade.json using Guid(4d614dd9f42440f4a8058ea10bb67abc) Importer(2089858483,934ff659095e30574adcf32a4c2f97b5)  -> (artifact id: 'f38ead2303a3a6020f200ce2b466d84f') in 0.012406 seconds 
========================================================================
Received Import Request.
  Time since last request: 0.000331 seconds.
  path: Assets/Database/Content Bundles/Constabulary/Letters/Sandbox.asset
  artifactKey: Guid(5a0cefce10d386c4d9e39697e85b3f5c) Importer(2089858483,934ff659095e30574adcf32a4c2f97b5)
Start importing Assets/Database/Content Bundles/Constabulary/Letters/Sandbox.asset using Guid(5a0cefce10d386c4d9e39697e85b3f5c) Importer(2089858483,934ff659095e30574adcf32a4c2f97b5)  -> (artifact id: '12f99b7d9ade977a54ce566f86be8dac') in 0.700023 seconds 
========================================================================
Received Import Request.
  Time since last request: 0.000410 seconds.
  path: Assets/Database/Factions/Shadow Box.asset
  artifactKey: Guid(bc86109a082fae54b83e60a1bb5be309) Importer(2089858483,934ff659095e30574adcf32a4c2f97b5)
Start importing Assets/Database/Factions/Shadow Box.asset using Guid(bc86109a082fae54b83e60a1bb5be309) Importer(2089858483,934ff659095e30574adcf32a4c2f97b5)  -> (artifact id: 'f120121c33de5fe126c36ac0a2803e3a') in 0.724940 seconds 
========================================================================
Received Prepare
Registering precompiled user dll's ...
Registered in 0.001964 seconds.
Begin MonoManager ReloadAssembly
Native extension for LinuxStandalone target not found
Native extension for WindowsStandalone target not found
Native extension for OSXStandalone target not found
Native extension for WebGL target not found
Refreshing native plugins compatible for Editor in 1.08 ms, found 1 plugins.
Preloading 0 native plugins for Editor in 0.00 ms.
Mono: successfully reloaded assembly
- Completed reload, in  1.111 seconds
Platform modules already initialized, skipping
Shader '2DxFX/AL/4Gradients': fallback shader 'Sprites-Defaultt' not found
Refreshing native plugins compatible for Editor in 1.03 ms, found 1 plugins.
Preloading 0 native plugins for Editor in 0.00 ms.
Unloading 2000 Unused Serialized files (Serialized files now loaded: 0)
System memory in use before: 239.5 MB.
System memory in use after: 239.6 MB.

Unloading 68 unused Assets to reduce memory usage. Loaded Objects now: 2849.
Total: 3.316585 ms (FindLiveObjects: 0.373183 ms CreateObjectMapping: 0.146329 ms MarkObjects: 2.555796 ms  DeleteObjects: 0.239474 ms)

========================================================================
Received Import Request.
  Time since last request: 29.993576 seconds.
  path: Assets/Database/Factions/Shadow Box.asset
  artifactKey: Guid(bc86109a082fae54b83e60a1bb5be309) Importer(815301076,1909f56bfc062723c751e8b465ee728b)
Start importing Assets/Database/Factions/Shadow Box.asset using Guid(bc86109a082fae54b83e60a1bb5be309) Importer(815301076,1909f56bfc062723c751e8b465ee728b)  -> (artifact id: '62fc5b871c0ae25e83bccd7bd2dd4209') in 0.931273 seconds 
========================================================================
Received Import Request.
  Time since last request: 0.851554 seconds.
  path: Assets/Database/Content Bundles/Constabulary/Letters/Sandbox.asset
  artifactKey: Guid(5a0cefce10d386c4d9e39697e85b3f5c) Importer(815301076,1909f56bfc062723c751e8b465ee728b)
Start importing Assets/Database/Content Bundles/Constabulary/Letters/Sandbox.asset using Guid(5a0cefce10d386c4d9e39697e85b3f5c) Importer(815301076,1909f56bfc062723c751e8b465ee728b)  -> (artifact id: '74767a85957afb9154da4ee866d3c9bc') in 0.688142 seconds 
========================================================================
Received Import Request.
  Time since last request: 0.158402 seconds.
  path: Assets/Scenes/OraclesOfTheNightRoomSandbox.unity
  artifactKey: Guid(8f22c96fb7116124e8f6c1ba04199884) Importer(815301076,1909f56bfc062723c751e8b465ee728b)
Start importing Assets/Scenes/OraclesOfTheNightRoomSandbox.unity using Guid(8f22c96fb7116124e8f6c1ba04199884) Importer(815301076,1909f56bfc062723c751e8b465ee728b)  -> (artifact id: '68cb8aaeb15dd393f50fb03f5199bec6') in 0.005310 seconds 
========================================================================
Received Import Request.
  Time since last request: 59.970327 seconds.
  path: Assets/Scenes/PRELOADER.unity
  artifactKey: Guid(8a0799ae89eaffc4abd0fd0fec608e87) Importer(815301076,1909f56bfc062723c751e8b465ee728b)
Start importing Assets/Scenes/PRELOADER.unity using Guid(8a0799ae89eaffc4abd0fd0fec608e87) Importer(815301076,1909f56bfc062723c751e8b465ee728b)  -> (artifact id: '4f889c262485d89d9ba38d47099b7bd2') in 0.004824 seconds 
========================================================================
Received Import Request.
  Time since last request: 33.268924 seconds.
  path: Assets/Database/Factions/Shadow Box.asset
  artifactKey: Guid(bc86109a082fae54b83e60a1bb5be309) Importer(2089858483,934ff659095e30574adcf32a4c2f97b5)
Start importing Assets/Database/Factions/Shadow Box.asset using Guid(bc86109a082fae54b83e60a1bb5be309) Importer(2089858483,934ff659095e30574adcf32a4c2f97b5)  -> (artifact id: '6b1b4987c836a6d24b4f288bd1e41162') in 0.745032 seconds 
========================================================================
Received Import Request.
  Time since last request: 0.000185 seconds.
  path: Assets/Scenes/OraclesOfTheNightRoomSandbox.unity
  artifactKey: Guid(8f22c96fb7116124e8f6c1ba04199884) Importer(2089858483,934ff659095e30574adcf32a4c2f97b5)
Start importing Assets/Scenes/OraclesOfTheNightRoomSandbox.unity using Guid(8f22c96fb7116124e8f6c1ba04199884) Importer(2089858483,934ff659095e30574adcf32a4c2f97b5)  -> (artifact id: 'e5e878cbc0b826351ad37dbe9973eb03') in 0.010506 seconds 
========================================================================
Received Prepare
Registering precompiled user dll's ...
Registered in 0.001296 seconds.
Begin MonoManager ReloadAssembly
Native extension for LinuxStandalone target not found
Native extension for WindowsStandalone target not found
Native extension for OSXStandalone target not found
Native extension for WebGL target not found
Refreshing native plugins compatible for Editor in 1.05 ms, found 1 plugins.
Preloading 0 native plugins for Editor in 0.00 ms.
Mono: successfully reloaded assembly
- Completed reload, in  1.109 seconds
Platform modules already initialized, skipping
Shader '2DxFX/AL/4Gradients': fallback shader 'Sprites-Defaultt' not found
Refreshing native plugins compatible for Editor in 0.96 ms, found 1 plugins.
Preloading 0 native plugins for Editor in 0.00 ms.
Unloading 2000 Unused Serialized files (Serialized files now loaded: 0)
System memory in use before: 239.6 MB.
System memory in use after: 239.8 MB.

Unloading 68 unused Assets to reduce memory usage. Loaded Objects now: 2852.
Total: 3.202407 ms (FindLiveObjects: 0.315794 ms CreateObjectMapping: 0.145427 ms MarkObjects: 2.393843 ms  DeleteObjects: 0.345240 ms)

========================================================================
Received Import Request.
  Time since last request: 66.108027 seconds.
  path: Assets/Database/Content Bundles/Constabulary/Letters/Sandbox.asset
  artifactKey: Guid(5a0cefce10d386c4d9e39697e85b3f5c) Importer(815301076,1909f56bfc062723c751e8b465ee728b)
Start importing Assets/Database/Content Bundles/Constabulary/Letters/Sandbox.asset using Guid(5a0cefce10d386c4d9e39697e85b3f5c) Importer(815301076,1909f56bfc062723c751e8b465ee728b)  -> (artifact id: '7eb9d05806ffe8cd71f83e614b37ec15') in 0.857702 seconds 
========================================================================
Received Import Request.
  Time since last request: 18.596530 seconds.
  path: Assets/Database/Content Bundles/Constabulary/Letters/Sandbox.asset
  artifactKey: Guid(5a0cefce10d386c4d9e39697e85b3f5c) Importer(815301076,1909f56bfc062723c751e8b465ee728b)
Start importing Assets/Database/Content Bundles/Constabulary/Letters/Sandbox.asset using Guid(5a0cefce10d386c4d9e39697e85b3f5c) Importer(815301076,1909f56bfc062723c751e8b465ee728b)  -> (artifact id: '1229a30f96302b6219478ff66fbe80ea') in 0.682976 seconds 
========================================================================
Received Prepare
Registering precompiled user dll's ...
Registered in 0.001608 seconds.
Begin MonoManager ReloadAssembly
Native extension for LinuxStandalone target not found
Native extension for WindowsStandalone target not found
Native extension for OSXStandalone target not found
Native extension for WebGL target not found
Refreshing native plugins compatible for Editor in 0.93 ms, found 1 plugins.
Preloading 0 native plugins for Editor in 0.00 ms.
Mono: successfully reloaded assembly
- Completed reload, in  0.940 seconds
Platform modules already initialized, skipping
Shader '2DxFX/AL/4Gradients': fallback shader 'Sprites-Defaultt' not found
Refreshing native plugins compatible for Editor in 1.39 ms, found 1 plugins.
Preloading 0 native plugins for Editor in 0.00 ms.
Unloading 2000 Unused Serialized files (Serialized files now loaded: 0)
System memory in use before: 239.7 MB.
System memory in use after: 239.9 MB.

Unloading 68 unused Assets to reduce memory usage. Loaded Objects now: 2855.
Total: 5.017544 ms (FindLiveObjects: 0.585616 ms CreateObjectMapping: 0.265615 ms MarkObjects: 3.767590 ms  DeleteObjects: 0.396921 ms)

========================================================================
Received Import Request.
  Time since last request: 60.000354 seconds.
  path: Assets/Database/Content Bundles/Constabulary/Letters/Sandbox.asset
  artifactKey: Guid(5a0cefce10d386c4d9e39697e85b3f5c) Importer(2089858483,934ff659095e30574adcf32a4c2f97b5)
Start importing Assets/Database/Content Bundles/Constabulary/Letters/Sandbox.asset using Guid(5a0cefce10d386c4d9e39697e85b3f5c) Importer(2089858483,934ff659095e30574adcf32a4c2f97b5)  -> (artifact id: '5c7e88df3562e19deef4d59c41cbc330') in 0.973901 seconds 
========================================================================
Received Import Request.
  Time since last request: 0.733617 seconds.
  path: Assets/Scenes/OraclesOfTheNightRoomSandbox.unity
  artifactKey: Guid(8f22c96fb7116124e8f6c1ba04199884) Importer(815301076,1909f56bfc062723c751e8b465ee728b)
Start importing Assets/Scenes/OraclesOfTheNightRoomSandbox.unity using Guid(8f22c96fb7116124e8f6c1ba04199884) Importer(815301076,1909f56bfc062723c751e8b465ee728b)  -> (artifact id: '7510e7fa48a45d2f559d435cb37a38f2') in 0.004837 seconds 
========================================================================
Received Import Request.
  Time since last request: 79.106293 seconds.
  path: Assets/Database/Content Bundles/Constabulary/Letters/Sandbox.asset
  artifactKey: Guid(5a0cefce10d386c4d9e39697e85b3f5c) Importer(815301076,1909f56bfc062723c751e8b465ee728b)
Start importing Assets/Database/Content Bundles/Constabulary/Letters/Sandbox.asset using Guid(5a0cefce10d386c4d9e39697e85b3f5c) Importer(815301076,1909f56bfc062723c751e8b465ee728b)  -> (artifact id: '2aa7387534a1d12811adc175e8944f18') in 0.690336 seconds 
========================================================================
Received Import Request.
  Time since last request: 37.666441 seconds.
  path: Assets/Database/Content Bundles/Constabulary/Letters/Sandbox.asset
  artifactKey: Guid(5a0cefce10d386c4d9e39697e85b3f5c) Importer(2089858483,934ff659095e30574adcf32a4c2f97b5)
Start importing Assets/Database/Content Bundles/Constabulary/Letters/Sandbox.asset using Guid(5a0cefce10d386c4d9e39697e85b3f5c) Importer(2089858483,934ff659095e30574adcf32a4c2f97b5)  -> (artifact id: '1a4ac265725824cf52fc79d5b9f14305') in 0.692691 seconds 
========================================================================
Received Import Request.
  Time since last request: 962.713620 seconds.
  path: Assets/Database/PresetCharacters/Count/Steward Richard Goldtower.asset
  artifactKey: Guid(2d57421cbb8a14f44aa7ecdd154855ac) Importer(815301076,1909f56bfc062723c751e8b465ee728b)
Start importing Assets/Database/PresetCharacters/Count/Steward Richard Goldtower.asset using Guid(2d57421cbb8a14f44aa7ecdd154855ac) Importer(815301076,1909f56bfc062723c751e8b465ee728b)  -> (artifact id: '6f6ac01638c26a8ebbde4d160549b836') in 0.046665 seconds 
========================================================================
Received Import Request.
  Time since last request: 77.210317 seconds.
  path: Assets/Database/Content Bundles/Constabulary/Letters
  artifactKey: Guid(e9bf7c1d51f7bcc44ba923bff49cfd9a) Importer(815301076,1909f56bfc062723c751e8b465ee728b)
Start importing Assets/Database/Content Bundles/Constabulary/Letters using Guid(e9bf7c1d51f7bcc44ba923bff49cfd9a) Importer(815301076,1909f56bfc062723c751e8b465ee728b)  -> (artifact id: '4dbfd88ec3df6ef64f62dd30d58807e3') in 0.004687 seconds 
========================================================================
Received Prepare
Registering precompiled user dll's ...
Registered in 0.002045 seconds.
Begin MonoManager ReloadAssembly
Native extension for LinuxStandalone target not found
Native extension for WindowsStandalone target not found
Native extension for OSXStandalone target not found
Native extension for WebGL target not found
Refreshing native plugins compatible for Editor in 1.09 ms, found 1 plugins.
Preloading 0 native plugins for Editor in 0.00 ms.
Mono: successfully reloaded assembly
- Completed reload, in  0.893 seconds
Platform modules already initialized, skipping
Shader '2DxFX/AL/4Gradients': fallback shader 'Sprites-Defaultt' not found
Refreshing native plugins compatible for Editor in 1.00 ms, found 1 plugins.
Preloading 0 native plugins for Editor in 0.00 ms.
Unloading 2000 Unused Serialized files (Serialized files now loaded: 0)
System memory in use before: 239.7 MB.
System memory in use after: 239.9 MB.

Unloading 68 unused Assets to reduce memory usage. Loaded Objects now: 2858.
Total: 3.103853 ms (FindLiveObjects: 0.401728 ms CreateObjectMapping: 0.122291 ms MarkObjects: 2.306406 ms  DeleteObjects: 0.259005 ms)

========================================================================
Received Import Request.
  Time since last request: 73.900068 seconds.
  path: Assets/Database/Content Bundles/Constabulary/Letters/Sandbox.asset
  artifactKey: Guid(5a0cefce10d386c4d9e39697e85b3f5c) Importer(2089858483,934ff659095e30574adcf32a4c2f97b5)
Start importing Assets/Database/Content Bundles/Constabulary/Letters/Sandbox.asset using Guid(5a0cefce10d386c4d9e39697e85b3f5c) Importer(2089858483,934ff659095e30574adcf32a4c2f97b5)  -> (artifact id: '09d6b82a6d805f95cda100b7846b0889') in 0.998939 seconds 
========================================================================
Received Import Request.
  Time since last request: 0.000257 seconds.
  path: Assets/Database/Quests/Win Conditions/No Main Quest.asset
  artifactKey: Guid(f54957e8ae995444cab137dea89308e9) Importer(2089858483,934ff659095e30574adcf32a4c2f97b5)
Start importing Assets/Database/Quests/Win Conditions/No Main Quest.asset using Guid(f54957e8ae995444cab137dea89308e9) Importer(2089858483,934ff659095e30574adcf32a4c2f97b5)  -> (artifact id: '28ce15c7d6a211ef67693f47b763099a') in 0.728695 seconds 
========================================================================
Received Import Request.
  Time since last request: 0.000216 seconds.
  path: Assets/Database/Content Bundles/Constabulary/Dialog Actions/Shadowbox Init.asset
  artifactKey: Guid(0a2f75d23139a7148887754676440504) Importer(2089858483,934ff659095e30574adcf32a4c2f97b5)
Start importing Assets/Database/Content Bundles/Constabulary/Dialog Actions/Shadowbox Init.asset using Guid(0a2f75d23139a7148887754676440504) Importer(2089858483,934ff659095e30574adcf32a4c2f97b5)  -> (artifact id: 'cf20906c2ce6a727671e6d3a887bbd3a') in 0.727484 seconds 
========================================================================
Received Import Request.
  Time since last request: 2.791522 seconds.
  path: Assets/Database/Tech/Progression/Constabulary.asset
  artifactKey: Guid(0fb57b0d590dca44784b517a336a95af) Importer(815301076,1909f56bfc062723c751e8b465ee728b)
Start importing Assets/Database/Tech/Progression/Constabulary.asset using Guid(0fb57b0d590dca44784b517a336a95af) Importer(815301076,1909f56bfc062723c751e8b465ee728b)  -> (artifact id: 'b5c1178fd582c74fb6a13b32a55b0c97') in 0.729849 seconds 
========================================================================
Received Import Request.
  Time since last request: 24.823673 seconds.
  path: Assets/Database/Tech/Progression/Cult Of Flesh.asset
  artifactKey: Guid(5f9b499708652224485998ebe29a1a68) Importer(815301076,1909f56bfc062723c751e8b465ee728b)
Start importing Assets/Database/Tech/Progression/Cult Of Flesh.asset using Guid(5f9b499708652224485998ebe29a1a68) Importer(815301076,1909f56bfc062723c751e8b465ee728b)  -> (artifact id: '37ae8de11053062c92894490ceaebf1d') in 0.718989 seconds 
========================================================================
Received Prepare
Registering precompiled user dll's ...
Registered in 0.002103 seconds.
Begin MonoManager ReloadAssembly
Native extension for LinuxStandalone target not found
Native extension for WindowsStandalone target not found
Native extension for OSXStandalone target not found
Native extension for WebGL target not found
Refreshing native plugins compatible for Editor in 1.59 ms, found 1 plugins.
Preloading 0 native plugins for Editor in 0.00 ms.
Mono: successfully reloaded assembly
- Completed reload, in  1.291 seconds
Platform modules already initialized, skipping
Shader '2DxFX/AL/4Gradients': fallback shader 'Sprites-Defaultt' not found
Refreshing native plugins compatible for Editor in 1.01 ms, found 1 plugins.
Preloading 0 native plugins for Editor in 0.00 ms.
Unloading 2000 Unused Serialized files (Serialized files now loaded: 0)
System memory in use before: 240.0 MB.
System memory in use after: 240.1 MB.

Unloading 68 unused Assets to reduce memory usage. Loaded Objects now: 2861.
Total: 3.522407 ms (FindLiveObjects: 0.338930 ms CreateObjectMapping: 0.161953 ms MarkObjects: 2.752002 ms  DeleteObjects: 0.268319 ms)

========================================================================
Received Import Request.
  Time since last request: 23.811199 seconds.
  path: Assets/Database/Tech/Progression/Constabulary.asset
  artifactKey: Guid(0fb57b0d590dca44784b517a336a95af) Importer(815301076,1909f56bfc062723c751e8b465ee728b)
Start importing Assets/Database/Tech/Progression/Constabulary.asset using Guid(0fb57b0d590dca44784b517a336a95af) Importer(815301076,1909f56bfc062723c751e8b465ee728b)  -> (artifact id: '910ed8699b652df66f19dfc22307884a') in 0.833555 seconds 
========================================================================
Received Prepare
Registering precompiled user dll's ...
Registered in 0.001227 seconds.
Begin MonoManager ReloadAssembly
Native extension for LinuxStandalone target not found
Native extension for WindowsStandalone target not found
Native extension for OSXStandalone target not found
Native extension for WebGL target not found
Refreshing native plugins compatible for Editor in 1.00 ms, found 1 plugins.
Preloading 0 native plugins for Editor in 0.00 ms.
Mono: successfully reloaded assembly
- Completed reload, in  1.025 seconds
Platform modules already initialized, skipping
Shader '2DxFX/AL/4Gradients': fallback shader 'Sprites-Defaultt' not found
Refreshing native plugins compatible for Editor in 1.05 ms, found 1 plugins.
Preloading 0 native plugins for Editor in 0.00 ms.
Unloading 2000 Unused Serialized files (Serialized files now loaded: 0)
System memory in use before: 240.1 MB.
System memory in use after: 240.2 MB.

Unloading 68 unused Assets to reduce memory usage. Loaded Objects now: 2864.
Total: 3.571083 ms (FindLiveObjects: 0.429371 ms CreateObjectMapping: 0.167662 ms MarkObjects: 2.715045 ms  DeleteObjects: 0.257803 ms)

========================================================================
Received Import Request.
  Time since last request: 88.994426 seconds.
  path: Assets/Database/Tech/Progression/Cult Of Flesh.asset
  artifactKey: Guid(5f9b499708652224485998ebe29a1a68) Importer(2089858483,934ff659095e30574adcf32a4c2f97b5)
Start importing Assets/Database/Tech/Progression/Cult Of Flesh.asset using Guid(5f9b499708652224485998ebe29a1a68) Importer(2089858483,934ff659095e30574adcf32a4c2f97b5)  -> (artifact id: 'd5a2dcfe6731af274602c495c232015f') in 0.968980 seconds 
========================================================================
Received Import Request.
  Time since last request: 0.000240 seconds.
  path: Assets/Database/Tech/Progression/Constabulary.asset
  artifactKey: Guid(0fb57b0d590dca44784b517a336a95af) Importer(2089858483,934ff659095e30574adcf32a4c2f97b5)
Start importing Assets/Database/Tech/Progression/Constabulary.asset using Guid(0fb57b0d590dca44784b517a336a95af) Importer(2089858483,934ff659095e30574adcf32a4c2f97b5)  -> (artifact id: 'dc1dc644dc5e2fc2577ca2d54d17f04b') in 0.773588 seconds 
========================================================================
Received Import Request.
  Time since last request: 1.004500 seconds.
  path: Assets/Database/PresetCharacters/'Pawn'.asset
  artifactKey: Guid(cda209d42d9a3d940a39a66efac61fd9) Importer(815301076,1909f56bfc062723c751e8b465ee728b)
Start importing Assets/Database/PresetCharacters/'Pawn'.asset using Guid(cda209d42d9a3d940a39a66efac61fd9) Importer(815301076,1909f56bfc062723c751e8b465ee728b)  -> (artifact id: 'e5a15528aa820c985840b497cab71d02') in 0.728054 seconds 
========================================================================
Received Import Request.
  Time since last request: 1.375704 seconds.
  path: Assets/Database/PlayerActions/OnCharacter/Replace Owner.asset
  artifactKey: Guid(377ea3e03f251cc4da6af5627ec4ca9c) Importer(815301076,1909f56bfc062723c751e8b465ee728b)
Start importing Assets/Database/PlayerActions/OnCharacter/Replace Owner.asset using Guid(377ea3e03f251cc4da6af5627ec4ca9c) Importer(815301076,1909f56bfc062723c751e8b465ee728b)  -> (artifact id: 'f221d7ddbabb085698f2899fb7306160') in 0.006369 seconds 
========================================================================
Received Import Request.
  Time since last request: 5.608982 seconds.
  path: Assets/Database/PresetCharacters/'Pawn'.asset
  artifactKey: Guid(cda209d42d9a3d940a39a66efac61fd9) Importer(815301076,1909f56bfc062723c751e8b465ee728b)
Start importing Assets/Database/PresetCharacters/'Pawn'.asset using Guid(cda209d42d9a3d940a39a66efac61fd9) Importer(815301076,1909f56bfc062723c751e8b465ee728b)  -> (artifact id: 'bfc67c4a33fcc19a3bb109763c1fe926') in 0.745535 seconds 
========================================================================
Received Import Request.
  Time since last request: 14.208706 seconds.
  path: Assets/Database/Tech/Progression/Constabulary
  artifactKey: Guid(dff56f9d41b4d3b4bb292212316a87b6) Importer(815301076,1909f56bfc062723c751e8b465ee728b)
Start importing Assets/Database/Tech/Progression/Constabulary using Guid(dff56f9d41b4d3b4bb292212316a87b6) Importer(815301076,1909f56bfc062723c751e8b465ee728b)  -> (artifact id: '3d4d17d5fdfa65a7c1f36148ef113a49') in 0.003599 seconds 
========================================================================
Received Import Request.
  Time since last request: 0.869378 seconds.
  path: Assets/Database/Tech/Progression/Constabulary/Bonuses.asset
  artifactKey: Guid(7c7495b0e4be038439eec60c4c544e69) Importer(815301076,1909f56bfc062723c751e8b465ee728b)
Start importing Assets/Database/Tech/Progression/Constabulary/Bonuses.asset using Guid(7c7495b0e4be038439eec60c4c544e69) Importer(815301076,1909f56bfc062723c751e8b465ee728b)  -> (artifact id: 'b0e0a21a4873c3ff0cab60b6574c3959') in 0.727276 seconds 
========================================================================
Received Import Request.
  Time since last request: 0.000218 seconds.
  path: Assets/Database/Tech/Progression/Constabulary/Cat In A Sack.asset
  artifactKey: Guid(c766845366f0f8d48853ee8cccfff056) Importer(815301076,1909f56bfc062723c751e8b465ee728b)
Start importing Assets/Database/Tech/Progression/Constabulary/Cat In A Sack.asset using Guid(c766845366f0f8d48853ee8cccfff056) Importer(815301076,1909f56bfc062723c751e8b465ee728b)  -> (artifact id: '6d7d8e2a6f6bc6b954c32f0491744b80') in 0.707667 seconds 
========================================================================
Received Import Request.
  Time since last request: 15.937991 seconds.
  path: Assets/Database/Tech/Progression/Cult Of Flesh/The Ancient Cipher Of Melma.asset
  artifactKey: Guid(e8fd5b115e58ff94e9d06fe2c77c27a2) Importer(815301076,1909f56bfc062723c751e8b465ee728b)
Start importing Assets/Database/Tech/Progression/Cult Of Flesh/The Ancient Cipher Of Melma.asset using Guid(e8fd5b115e58ff94e9d06fe2c77c27a2) Importer(815301076,1909f56bfc062723c751e8b465ee728b)  -> (artifact id: '371b2d8ad012af73efac9a14645f2175') in 0.671669 seconds 
========================================================================
Received Import Request.
  Time since last request: 17.994525 seconds.
  path: Assets/Database/Tech/Progression/Cult Of Flesh.asset
  artifactKey: Guid(5f9b499708652224485998ebe29a1a68) Importer(815301076,1909f56bfc062723c751e8b465ee728b)
Start importing Assets/Database/Tech/Progression/Cult Of Flesh.asset using Guid(5f9b499708652224485998ebe29a1a68) Importer(815301076,1909f56bfc062723c751e8b465ee728b)  -> (artifact id: '868aa5a7fca13820c0e98739ee458a26') in 0.669282 seconds 
========================================================================
Received Import Request.
  Time since last request: 15.165099 seconds.
  path: Assets/Database/Tech/Progression/Constabulary/Impression Is Key.asset
  artifactKey: Guid(2a0f892cc16ff3c4c8e83707e19887e2) Importer(815301076,1909f56bfc062723c751e8b465ee728b)
Start importing Assets/Database/Tech/Progression/Constabulary/Impression Is Key.asset using Guid(2a0f892cc16ff3c4c8e83707e19887e2) Importer(815301076,1909f56bfc062723c751e8b465ee728b)  -> (artifact id: '0ba7552b5dd5085f2df0d40cfd607b8b') in 0.658899 seconds 
========================================================================
Received Import Request.
  Time since last request: 8.752060 seconds.
  path: Assets/Database/Tech/Progression/Cult Of Flesh/The Ancient Cipher Of Melma.asset
  artifactKey: Guid(e8fd5b115e58ff94e9d06fe2c77c27a2) Importer(815301076,1909f56bfc062723c751e8b465ee728b)
Start importing Assets/Database/Tech/Progression/Cult Of Flesh/The Ancient Cipher Of Melma.asset using Guid(e8fd5b115e58ff94e9d06fe2c77c27a2) Importer(815301076,1909f56bfc062723c751e8b465ee728b)  -> (artifact id: '501de9f02ad79e875137db7953ceb805') in 0.673730 seconds 
========================================================================
Received Import Request.
  Time since last request: 3.421179 seconds.
  path: Assets/Database/Tech/Progression/Cult Practices/Commercial Practices.asset
  artifactKey: Guid(d8724ec0f4f8f5542aa02234520d9b31) Importer(815301076,1909f56bfc062723c751e8b465ee728b)
Start importing Assets/Database/Tech/Progression/Cult Practices/Commercial Practices.asset using Guid(d8724ec0f4f8f5542aa02234520d9b31) Importer(815301076,1909f56bfc062723c751e8b465ee728b)  -> (artifact id: '9f9004864e69eb42eff6a01fd9bf94c9') in 0.672775 seconds 
========================================================================
Received Import Request.
  Time since last request: 13.297535 seconds.
  path: Assets/Database/Tech/Progression/Constabulary/Impression Is Key.asset
  artifactKey: Guid(2a0f892cc16ff3c4c8e83707e19887e2) Importer(815301076,1909f56bfc062723c751e8b465ee728b)
Start importing Assets/Database/Tech/Progression/Constabulary/Impression Is Key.asset using Guid(2a0f892cc16ff3c4c8e83707e19887e2) Importer(815301076,1909f56bfc062723c751e8b465ee728b)  -> (artifact id: '235c06d280e17efcfa8dc1d0ce18f084') in 0.669197 seconds 
========================================================================
Received Import Request.
  Time since last request: 8.559785 seconds.
  path: Assets/Database/Tech/Progression/Cult Of Flesh.asset
  artifactKey: Guid(5f9b499708652224485998ebe29a1a68) Importer(815301076,1909f56bfc062723c751e8b465ee728b)
Start importing Assets/Database/Tech/Progression/Cult Of Flesh.asset using Guid(5f9b499708652224485998ebe29a1a68) Importer(815301076,1909f56bfc062723c751e8b465ee728b)  -> (artifact id: 'ce43adae8639b5d4d58c611d10c07a33') in 0.666790 seconds 
========================================================================
Received Prepare
Registering precompiled user dll's ...
Registered in 0.001353 seconds.
Begin MonoManager ReloadAssembly
Native extension for LinuxStandalone target not found
Native extension for WindowsStandalone target not found
Native extension for OSXStandalone target not found
Native extension for WebGL target not found
Refreshing native plugins compatible for Editor in 0.89 ms, found 1 plugins.
Preloading 0 native plugins for Editor in 0.00 ms.
Mono: successfully reloaded assembly
- Completed reload, in  0.957 seconds
Platform modules already initialized, skipping
Shader '2DxFX/AL/4Gradients': fallback shader 'Sprites-Defaultt' not found
Refreshing native plugins compatible for Editor in 0.90 ms, found 1 plugins.
Preloading 0 native plugins for Editor in 0.00 ms.
Unloading 2000 Unused Serialized files (Serialized files now loaded: 0)
System memory in use before: 240.2 MB.
System memory in use after: 240.3 MB.

Unloading 68 unused Assets to reduce memory usage. Loaded Objects now: 2867.
Total: 2.994181 ms (FindLiveObjects: 0.296564 ms CreateObjectMapping: 0.119587 ms MarkObjects: 2.287476 ms  DeleteObjects: 0.289052 ms)

========================================================================
Received Prepare
Registering precompiled user dll's ...
Registered in 0.001393 seconds.
Begin MonoManager ReloadAssembly
Native extension for LinuxStandalone target not found
Native extension for WindowsStandalone target not found
Native extension for OSXStandalone target not found
Native extension for WebGL target not found
Refreshing native plugins compatible for Editor in 1.09 ms, found 1 plugins.
Preloading 0 native plugins for Editor in 0.00 ms.
Mono: successfully reloaded assembly
- Completed reload, in  1.163 seconds
Platform modules already initialized, skipping
Shader '2DxFX/AL/4Gradients': fallback shader 'Sprites-Defaultt' not found
Refreshing native plugins compatible for Editor in 1.25 ms, found 1 plugins.
Preloading 0 native plugins for Editor in 0.00 ms.
Unloading 2000 Unused Serialized files (Serialized files now loaded: 0)
System memory in use before: 240.1 MB.
System memory in use after: 240.3 MB.

Unloading 66 unused Assets to reduce memory usage. Loaded Objects now: 2870.
Total: 3.081618 ms (FindLiveObjects: 0.317296 ms CreateObjectMapping: 0.139718 ms MarkObjects: 2.352979 ms  DeleteObjects: 0.269221 ms)

========================================================================
Received Prepare
Shader '2DxFX/AL/4Gradients': fallback shader 'Sprites-Defaultt' not found
Refreshing native plugins compatible for Editor in 3.45 ms, found 1 plugins.
Preloading 0 native plugins for Editor in 0.00 ms.
Unloading 8 Unused Serialized files (Serialized files now loaded: 0)
System memory in use before: 200.5 MB.
System memory in use after: 200.6 MB.

Unloading 7 unused Assets to reduce memory usage. Loaded Objects now: 2870.
Total: 3.144416 ms (FindLiveObjects: 0.280038 ms CreateObjectMapping: 0.254498 ms MarkObjects: 2.424791 ms  DeleteObjects: 0.183587 ms)

