Using pre-set license
Built from '2021.1/staging' branch; Version is '2021.1.0b11 (ddf8e7a924bd) revision 14547175'; Using compiler version '192528614'; Build Type 'Release'
OS: 'Windows 10 Enterprise; OS build 17134.285; Version 1803; 64bit' Language: 'en' Physical Memory: 16336 MB
BatchMode: 1, IsHumanControllingUs: 0, StartBugReporterOnCrash: 0, Is64bit: 1, IsPro: 0

 COMMAND LINE ARGUMENTS:
M:\Unity Editors\2021.1.0b11\Editor\Unity.exe
-adb2
-batchMode
-noUpm
-name
AssetImportWorker0
-projectPath
M:/UnityProjects/The-Spider
-logFile
Logs/AssetImportWorker0.log
-srvPort
49290
Successfully changed project path to: M:/UnityProjects/The-Spider
M:/UnityProjects/The-Spider
Using Asset Import Pipeline V2.
Refreshing native plugins compatible for Editor in 96.56 ms, found 1 plugins.
Preloading 0 native plugins for Editor in 0.00 ms.
Initialize engine version: 2021.1.0b11 (ddf8e7a924bd)
[Subsystems] Discovering subsystems at path M:/Unity Editors/2021.1.0b11/Editor/Data/Resources/UnitySubsystems
[Subsystems] Discovering subsystems at path M:/UnityProjects/The-Spider/Assets
GfxDevice: creating device client; threaded=0; jobified=0
Direct3D:
    Version:  Direct3D 11.0 [level 11.1]
    Renderer: NVIDIA GeForce GTX 980 (ID=0x13c0)
    Vendor:   NVIDIA
    VRAM:     4053 MB
    Driver:   30.0.14.9613
Shader '2DxFX/AL/4Gradients': fallback shader 'Sprites-Defaultt' not found
Initialize mono
Mono path[0] = 'M:/Unity Editors/2021.1.0b11/Editor/Data/Managed'
Mono path[1] = 'M:/Unity Editors/2021.1.0b11/Editor/Data/MonoBleedingEdge/lib/mono/unityjit'
Mono config path = 'M:/Unity Editors/2021.1.0b11/Editor/Data/MonoBleedingEdge/etc'
Using monoOptions --debugger-agent=transport=dt_socket,embedding=1,server=y,suspend=n,address=127.0.0.1:56568
Begin MonoManager ReloadAssembly
Registering precompiled unity dll's ...
Register platform support module: M:/Unity Editors/2021.1.0b11/Editor/Data/PlaybackEngines/WebGLSupport/UnityEditor.WebGL.Extensions.dll
Register platform support module: M:/Unity Editors/2021.1.0b11/Editor/Data/PlaybackEngines/MacStandaloneSupport/UnityEditor.OSXStandalone.Extensions.dll
Register platform support module: M:/Unity Editors/2021.1.0b11/Editor/Data/PlaybackEngines/WindowsStandaloneSupport/UnityEditor.WindowsStandalone.Extensions.dll
Register platform support module: M:/Unity Editors/2021.1.0b11/Editor/Data/PlaybackEngines/LinuxStandaloneSupport/UnityEditor.LinuxStandalone.Extensions.dll
Registered in 0.001157 seconds.
Native extension for LinuxStandalone target not found
Native extension for WindowsStandalone target not found
Native extension for OSXStandalone target not found
Native extension for WebGL target not found
Refreshing native plugins compatible for Editor in 92.92 ms, found 1 plugins.
Preloading 0 native plugins for Editor in 0.00 ms.
Mono: successfully reloaded assembly
- Completed reload, in  1.648 seconds
Platform modules already initialized, skipping
Registering precompiled user dll's ...
Registered in 0.001083 seconds.
Begin MonoManager ReloadAssembly
Native extension for LinuxStandalone target not found
Native extension for WindowsStandalone target not found
Native extension for OSXStandalone target not found
Native extension for WebGL target not found
Refreshing native plugins compatible for Editor in 0.91 ms, found 1 plugins.
Preloading 0 native plugins for Editor in 0.00 ms.
Mono: successfully reloaded assembly
- Completed reload, in  0.968 seconds
Platform modules already initialized, skipping
========================================================================
Worker process is ready to serve import requests
Shader '2DxFX/AL/4Gradients': fallback shader 'Sprites-Defaultt' not found
Launched and connected shader compiler UnityShaderCompiler.exe after 0.02 seconds
Refreshing native plugins compatible for Editor in 0.90 ms, found 1 plugins.
Preloading 0 native plugins for Editor in 0.00 ms.
Unloading 2331 Unused Serialized files (Serialized files now loaded: 0)
System memory in use before: 273.8 MB.
System memory in use after: 274.0 MB.

Unloading 69 unused Assets to reduce memory usage. Loaded Objects now: 2850.
Total: 3.008003 ms (FindLiveObjects: 0.310686 ms CreateObjectMapping: 0.097953 ms MarkObjects: 2.203946 ms  DeleteObjects: 0.393916 ms)

========================================================================
Received Import Request.
  path: Assets/Database/Quests/Oracles Of The Night/Objectives/Abduct Tom 'Smith' Rosehill.asset
  artifactKey: Guid(0565e403f6d6ca8498c4a815fbe94af3) Importer(815301076,1909f56bfc062723c751e8b465ee728b)
Start importing Assets/Database/Quests/Oracles Of The Night/Objectives/Abduct Tom 'Smith' Rosehill.asset using Guid(0565e403f6d6ca8498c4a815fbe94af3) Importer(815301076,1909f56bfc062723c751e8b465ee728b)  -> (artifact id: 'b5d033e0b6bc3a92099479568f3ba928') in 0.752211 seconds 
========================================================================
Received Import Request.
  Time since last request: 0.000445 seconds.
  path: Assets/Database/Quests/Oracles Of The Night/Objectives/Select Your Manor.asset
  artifactKey: Guid(da80ccf1e63ff704dbb888fb146a28f9) Importer(815301076,1909f56bfc062723c751e8b465ee728b)
Start importing Assets/Database/Quests/Oracles Of The Night/Objectives/Select Your Manor.asset using Guid(da80ccf1e63ff704dbb888fb146a28f9) Importer(815301076,1909f56bfc062723c751e8b465ee728b)  -> (artifact id: 'd991bdda89317dfb33f8d8fe37252b53') in 0.579302 seconds 
========================================================================
Received Import Request.
  Time since last request: 0.000311 seconds.
  path: Assets/Resources/Audio/property_select.mp3
  artifactKey: Guid(fd2517e25314c334298a1e54e239818c) Importer(815301076,1909f56bfc062723c751e8b465ee728b)
Start importing Assets/Resources/Audio/property_select.mp3 using Guid(fd2517e25314c334298a1e54e239818c) Importer(815301076,1909f56bfc062723c751e8b465ee728b)  -> (artifact id: '48d074a8899158510537c26351a0c40f') in 0.084171 seconds 
========================================================================
Received Import Request.
  Time since last request: 0.000156 seconds.
  path: Assets/Database/Content Bundles/Room Story/Add Found Secret Room.asset
  artifactKey: Guid(97e3a5b2c003ce844b3cc3270de194e0) Importer(815301076,1909f56bfc062723c751e8b465ee728b)
Start importing Assets/Database/Content Bundles/Room Story/Add Found Secret Room.asset using Guid(97e3a5b2c003ce844b3cc3270de194e0) Importer(815301076,1909f56bfc062723c751e8b465ee728b)  -> (artifact id: 'cf0bab5d8d8458a804cf77c51ff36afb') in 0.001643 seconds 
========================================================================
Received Import Request.
  Time since last request: 0.000226 seconds.
  path: Assets/Database/Content Bundles/Constabulary/Quests/Objectives/Add Solve The Case.asset
  artifactKey: Guid(9de4b62f85f33cc40bebc485810a8ded) Importer(815301076,1909f56bfc062723c751e8b465ee728b)
Start importing Assets/Database/Content Bundles/Constabulary/Quests/Objectives/Add Solve The Case.asset using Guid(9de4b62f85f33cc40bebc485810a8ded) Importer(815301076,1909f56bfc062723c751e8b465ee728b)  -> (artifact id: '78a93251eedf68d1ae0be705cca1469b') in 0.001864 seconds 
========================================================================
Received Import Request.
  Time since last request: 0.000189 seconds.
  path: Assets/Prefabs/FactionSelectionItemSSOF.prefab
  artifactKey: Guid(d8cdd431017206b4e88fd3732939d462) Importer(815301076,1909f56bfc062723c751e8b465ee728b)
Start importing Assets/Prefabs/FactionSelectionItemSSOF.prefab using Guid(d8cdd431017206b4e88fd3732939d462) Importer(815301076,1909f56bfc062723c751e8b465ee728b)  -> (artifact id: '7313264868f1634144ae41d2b99cbe46') in 0.014453 seconds 
========================================================================
Received Import Request.
  Time since last request: 0.000214 seconds.
  path: Assets/Database/Dialog/Oracles Duel/Start/Conditions/'Big Family Agenda' - Researched.asset
  artifactKey: Guid(f576584ad7a41d245b5077353f2cc547) Importer(815301076,1909f56bfc062723c751e8b465ee728b)
Start importing Assets/Database/Dialog/Oracles Duel/Start/Conditions/'Big Family Agenda' - Researched.asset using Guid(f576584ad7a41d245b5077353f2cc547) Importer(815301076,1909f56bfc062723c751e8b465ee728b)  -> (artifact id: '251ae8fe4d70d32f88a709bdc0560c6c') in 0.688403 seconds 
========================================================================
Received Import Request.
  Time since last request: 0.000193 seconds.
  path: Assets/Resources/Audio/select.mp3
  artifactKey: Guid(36ce1b202762f1b4d8187c20748ab1d3) Importer(815301076,1909f56bfc062723c751e8b465ee728b)
Start importing Assets/Resources/Audio/select.mp3 using Guid(36ce1b202762f1b4d8187c20748ab1d3) Importer(815301076,1909f56bfc062723c751e8b465ee728b)  -> (artifact id: 'c1c5494c675b5da48940943bb15bb284') in 0.007975 seconds 
========================================================================
Received Import Request.
  Time since last request: 0.000204 seconds.
  path: Assets/Prefabs/SelectableCharacterTreeUI.prefab
  artifactKey: Guid(697f2204c58090a4cbadf976df7bc50c) Importer(815301076,1909f56bfc062723c751e8b465ee728b)
Start importing Assets/Prefabs/SelectableCharacterTreeUI.prefab using Guid(697f2204c58090a4cbadf976df7bc50c) Importer(815301076,1909f56bfc062723c751e8b465ee728b)  -> (artifact id: 'db63a3541e161e70fe205ef5ea9f2634') in 0.034297 seconds 
========================================================================
Received Import Request.
  Time since last request: 0.000278 seconds.
  path: Assets/Resources/Objects/SelectableLocationPortraitUI.prefab
  artifactKey: Guid(02a1ed91ce75d524ca3f001d6340c619) Importer(815301076,1909f56bfc062723c751e8b465ee728b)
Start importing Assets/Resources/Objects/SelectableLocationPortraitUI.prefab using Guid(02a1ed91ce75d524ca3f001d6340c619) Importer(815301076,1909f56bfc062723c751e8b465ee728b)  -> (artifact id: 'efa2bc88b6bfa3fe2e7566b42c802510') in 0.004549 seconds 
========================================================================
Received Import Request.
  Time since last request: 0.000294 seconds.
  path: Assets/Database/Dialog/Oracles Duel/Start/Conditions/'Master Of Self Defence' - Researched.asset
  artifactKey: Guid(2cdccfdc04561654fa15c2ac06200371) Importer(815301076,1909f56bfc062723c751e8b465ee728b)
Start importing Assets/Database/Dialog/Oracles Duel/Start/Conditions/'Master Of Self Defence' - Researched.asset using Guid(2cdccfdc04561654fa15c2ac06200371) Importer(815301076,1909f56bfc062723c751e8b465ee728b)  -> (artifact id: '76b302bf930722437ac7822897a9a599') in 0.606677 seconds 
========================================================================
Received Import Request.
  Time since last request: 0.000301 seconds.
  path: Assets/Database/Content Bundles/HebrewLetters/Strange Letter IV - Agents Report.asset
  artifactKey: Guid(554917ed7d774c6458e6ab0a9a073eff) Importer(815301076,1909f56bfc062723c751e8b465ee728b)
Start importing Assets/Database/Content Bundles/HebrewLetters/Strange Letter IV - Agents Report.asset using Guid(554917ed7d774c6458e6ab0a9a073eff) Importer(815301076,1909f56bfc062723c751e8b465ee728b)  -> (artifact id: 'da1ee5a480bc4bc53a6a509571c836c2') in 0.771906 seconds 
========================================================================
Received Import Request.
  Time since last request: 0.000236 seconds.
  path: Assets/Database/PresetCharacters/'The Gray Seer'.asset
  artifactKey: Guid(228f0a762ddd4cb4e9074d3754a46293) Importer(815301076,1909f56bfc062723c751e8b465ee728b)
Start importing Assets/Database/PresetCharacters/'The Gray Seer'.asset using Guid(228f0a762ddd4cb4e9074d3754a46293) Importer(815301076,1909f56bfc062723c751e8b465ee728b)  -> (artifact id: 'c979d81255e542cf1cbafcaa873fc5af') in 0.049284 seconds 
========================================================================
Received Import Request.
  Time since last request: 0.000212 seconds.
  path: Assets/Scripts/DataObjects/PlayerActions/SelectAgentPlayerAction.cs
  artifactKey: Guid(832541db3542d2c4684330aedc84487d) Importer(815301076,1909f56bfc062723c751e8b465ee728b)
Start importing Assets/Scripts/DataObjects/PlayerActions/SelectAgentPlayerAction.cs using Guid(832541db3542d2c4684330aedc84487d) Importer(815301076,1909f56bfc062723c751e8b465ee728b)  -> (artifact id: 'df24fdd073847117b0d8389e263dde65') in 0.004512 seconds 
========================================================================
Received Import Request.
  Time since last request: 0.000170 seconds.
  path: Assets/Database/PresetCharacters/'The Red Seer'.asset
  artifactKey: Guid(db8887ddaa2881747b4316e4a7af21cd) Importer(815301076,1909f56bfc062723c751e8b465ee728b)
Start importing Assets/Database/PresetCharacters/'The Red Seer'.asset using Guid(db8887ddaa2881747b4316e4a7af21cd) Importer(815301076,1909f56bfc062723c751e8b465ee728b)  -> (artifact id: '234437b901823401ac429d5769b2a911') in 0.037607 seconds 
========================================================================
Received Import Request.
  Time since last request: 0.000234 seconds.
  path: Assets/Resources/Objects/SelectablePortraitUI.prefab
  artifactKey: Guid(f80ad2e1af7cf8a4d8f68b62b3248d8e) Importer(815301076,1909f56bfc062723c751e8b465ee728b)
Start importing Assets/Resources/Objects/SelectablePortraitUI.prefab using Guid(f80ad2e1af7cf8a4d8f68b62b3248d8e) Importer(815301076,1909f56bfc062723c751e8b465ee728b)  -> (artifact id: '56d1061f8e1894b7b4ddeb94c23d2b6e') in 0.032330 seconds 
========================================================================
Received Import Request.
  Time since last request: 0.000217 seconds.
  path: Assets/Database/Dialog/Oracles Meeting I/Actions/Add Oraclese Tax 20.asset
  artifactKey: Guid(95a91f3ba0f7b5d499d5f52f16a77ca8) Importer(815301076,1909f56bfc062723c751e8b465ee728b)
Start importing Assets/Database/Dialog/Oracles Meeting I/Actions/Add Oraclese Tax 20.asset using Guid(95a91f3ba0f7b5d499d5f52f16a77ca8) Importer(815301076,1909f56bfc062723c751e8b465ee728b)  -> (artifact id: 'd5d3ee48c094f3018cf1daf8d0615b21') in 0.002745 seconds 
========================================================================
Received Import Request.
  Time since last request: 0.000207 seconds.
  path: Assets/Database/Content Bundles/HebrewLetters/Strange Letter V - Agents Report.asset
  artifactKey: Guid(3e1bfef4c6140314585dfb67a05b0165) Importer(815301076,1909f56bfc062723c751e8b465ee728b)
Start importing Assets/Database/Content Bundles/HebrewLetters/Strange Letter V - Agents Report.asset using Guid(3e1bfef4c6140314585dfb67a05b0165) Importer(815301076,1909f56bfc062723c751e8b465ee728b)  -> (artifact id: '046932602ab811c0c62efe49a4b08bcc') in 0.900697 seconds 
========================================================================
Received Import Request.
  Time since last request: 0.000203 seconds.
  path: Assets/Database/Visual Sets/Race/Human/Adult/AdultFemale/Hair/AdultFemaleHairSET.asset
  artifactKey: Guid(4481f1418fc138f4eac7678f4957f5e5) Importer(815301076,1909f56bfc062723c751e8b465ee728b)
Start importing Assets/Database/Visual Sets/Race/Human/Adult/AdultFemale/Hair/AdultFemaleHairSET.asset using Guid(4481f1418fc138f4eac7678f4957f5e5) Importer(815301076,1909f56bfc062723c751e8b465ee728b)  -> (artifact id: 'ecaad7e55427d9f11584d0cec40bd6f5') in 0.014659 seconds 
========================================================================
Received Import Request.
  Time since last request: 0.000160 seconds.
  path: Assets/Resources/Audio/selection_hover.mp3
  artifactKey: Guid(9e8b9857a4bf8b4469203d8decef5cbc) Importer(815301076,1909f56bfc062723c751e8b465ee728b)
Start importing Assets/Resources/Audio/selection_hover.mp3 using Guid(9e8b9857a4bf8b4469203d8decef5cbc) Importer(815301076,1909f56bfc062723c751e8b465ee728b)  -> (artifact id: '58db12ed6034f2320173de1fa531fbbe') in 0.017161 seconds 
========================================================================
Received Import Request.
  Time since last request: 0.000211 seconds.
  path: Assets/Scripts/UI/SelectAgentWindowUI.cs
  artifactKey: Guid(b17b0287ed10fb74a854f37977db3553) Importer(815301076,1909f56bfc062723c751e8b465ee728b)
Start importing Assets/Scripts/UI/SelectAgentWindowUI.cs using Guid(b17b0287ed10fb74a854f37977db3553) Importer(815301076,1909f56bfc062723c751e8b465ee728b)  -> (artifact id: 'cf448d5fcc576ed8175732ff5fb78f5b') in 0.007395 seconds 
========================================================================
Received Import Request.
  Time since last request: 0.000208 seconds.
  path: Assets/Database/PresetCharacters/'The Purple Seer'.asset
  artifactKey: Guid(89e33721aacb6074b96c2875360164e6) Importer(815301076,1909f56bfc062723c751e8b465ee728b)
Start importing Assets/Database/PresetCharacters/'The Purple Seer'.asset using Guid(89e33721aacb6074b96c2875360164e6) Importer(815301076,1909f56bfc062723c751e8b465ee728b)  -> (artifact id: 'b467400dc876dcb1aa1534616bfd25b9') in 0.083127 seconds 
========================================================================
Received Import Request.
  Time since last request: 0.000209 seconds.
  path: Assets/Database/PresetCharacters/'The Green Seer'.asset
  artifactKey: Guid(c3d10ea086511024792f160471244b4d) Importer(815301076,1909f56bfc062723c751e8b465ee728b)
Start importing Assets/Database/PresetCharacters/'The Green Seer'.asset using Guid(c3d10ea086511024792f160471244b4d) Importer(815301076,1909f56bfc062723c751e8b465ee728b)  -> (artifact id: '6242d330acc6f265529e0f2e2df1e8f8') in 0.044016 seconds 
========================================================================
Received Import Request.
  Time since last request: 0.000309 seconds.
  path: Assets/Database/Content Bundles/HebrewLetters/Strange Letter II - Agents Report.asset
  artifactKey: Guid(a8def77862ec1e94baa67f39f2923dcb) Importer(815301076,1909f56bfc062723c751e8b465ee728b)
Start importing Assets/Database/Content Bundles/HebrewLetters/Strange Letter II - Agents Report.asset using Guid(a8def77862ec1e94baa67f39f2923dcb) Importer(815301076,1909f56bfc062723c751e8b465ee728b)  -> (artifact id: '5ac6db3b728e2f212ff5b7253c9f9fae') in 0.791188 seconds 
========================================================================
Received Import Request.
  Time since last request: 0.000204 seconds.
  path: Assets/Database/Dialog/Oracles Duel/Start/Conditions/'Assault' - Researched.asset
  artifactKey: Guid(84acfb19f8fef4d4998554694c274ae1) Importer(815301076,1909f56bfc062723c751e8b465ee728b)
Start importing Assets/Database/Dialog/Oracles Duel/Start/Conditions/'Assault' - Researched.asset using Guid(84acfb19f8fef4d4998554694c274ae1) Importer(815301076,1909f56bfc062723c751e8b465ee728b)  -> (artifact id: '18397970aefc485e50be60a71eb6ac06') in 0.728014 seconds 
========================================================================
Received Import Request.
  Time since last request: 0.000234 seconds.
  path: Assets/Database/Content Bundles/Room Story/Add Key To Secret Room.asset
  artifactKey: Guid(ea44650b30fe6fc42bb02bd660b9ccf1) Importer(815301076,1909f56bfc062723c751e8b465ee728b)
Start importing Assets/Database/Content Bundles/Room Story/Add Key To Secret Room.asset using Guid(ea44650b30fe6fc42bb02bd660b9ccf1) Importer(815301076,1909f56bfc062723c751e8b465ee728b)  -> (artifact id: '1d677aae8ed350bb49cb3a87d7dcfa96') in 0.008002 seconds 
========================================================================
Received Import Request.
  Time since last request: 0.000212 seconds.
  path: Assets/Database/Content Bundles/Room Story/Dialog/Decisions/Hannas Responses/Add Hannas Response Rule 2.asset
  artifactKey: Guid(964674d423103f746a81237edc1a39d0) Importer(815301076,1909f56bfc062723c751e8b465ee728b)
Start importing Assets/Database/Content Bundles/Room Story/Dialog/Decisions/Hannas Responses/Add Hannas Response Rule 2.asset using Guid(964674d423103f746a81237edc1a39d0) Importer(815301076,1909f56bfc062723c751e8b465ee728b)  -> (artifact id: 'eed34e31c9171972d15193bf412324e6') in 0.034032 seconds 
========================================================================
Received Import Request.
  Time since last request: 0.000195 seconds.
  path: Assets/Database/Content Bundles/SSOF/Quest For Blood/Blood Journey/E/Add RuneOfBLoodInRoom Session Rule.asset
  artifactKey: Guid(a324b20c5bdee4149a1e08f18ec2dc08) Importer(815301076,1909f56bfc062723c751e8b465ee728b)
Start importing Assets/Database/Content Bundles/SSOF/Quest For Blood/Blood Journey/E/Add RuneOfBLoodInRoom Session Rule.asset using Guid(a324b20c5bdee4149a1e08f18ec2dc08) Importer(815301076,1909f56bfc062723c751e8b465ee728b)  -> (artifact id: '84763f754dccf344c9d8a1334b9cbcd6') in 0.007447 seconds 
========================================================================
Received Import Request.
  Time since last request: 0.000181 seconds.
  path: Assets/Database/Popups/Arson/Start/Stealth/ArsonSeaStealth.asset
  artifactKey: Guid(94386d0c8712f894aac1a6de2ecb53ed) Importer(815301076,1909f56bfc062723c751e8b465ee728b)
Start importing Assets/Database/Popups/Arson/Start/Stealth/ArsonSeaStealth.asset using Guid(94386d0c8712f894aac1a6de2ecb53ed) Importer(815301076,1909f56bfc062723c751e8b465ee728b)  -> (artifact id: '2c8808b06693a293601bee7371d75ea4') in 0.006778 seconds 
========================================================================
Received Import Request.
  Time since last request: 0.000194 seconds.
  path: Assets/Database/PresetCharacters/'The Blue Seer'.asset
  artifactKey: Guid(b2091162d5023174ba2cc307337d4e8b) Importer(815301076,1909f56bfc062723c751e8b465ee728b)
Start importing Assets/Database/PresetCharacters/'The Blue Seer'.asset using Guid(b2091162d5023174ba2cc307337d4e8b) Importer(815301076,1909f56bfc062723c751e8b465ee728b)  -> (artifact id: 'c63d5c320b45e094a63c9f3d32215d62') in 0.042490 seconds 
========================================================================
Received Import Request.
  Time since last request: 0.000218 seconds.
  path: Assets/Database/Quests/Rewards/A Possible Consequence.asset
  artifactKey: Guid(38d349f7a14e54942acafd1e77e7dadf) Importer(815301076,1909f56bfc062723c751e8b465ee728b)
Start importing Assets/Database/Quests/Rewards/A Possible Consequence.asset using Guid(38d349f7a14e54942acafd1e77e7dadf) Importer(815301076,1909f56bfc062723c751e8b465ee728b)  -> (artifact id: 'dd0b042799eb912bf20e7840bc97ca49') in 0.644166 seconds 
========================================================================
Received Import Request.
  Time since last request: 0.000333 seconds.
  path: Assets/Database/Dialog/Oracles Meeting I/Actions/Add Oraclese Tax 30.asset
  artifactKey: Guid(0e6277cde3dd53b4a88841172bccf589) Importer(815301076,1909f56bfc062723c751e8b465ee728b)
Start importing Assets/Database/Dialog/Oracles Meeting I/Actions/Add Oraclese Tax 30.asset using Guid(0e6277cde3dd53b4a88841172bccf589) Importer(815301076,1909f56bfc062723c751e8b465ee728b)  -> (artifact id: 'c5fbeb7f2cceac28b898dac64ebff409') in 0.013655 seconds 
========================================================================
Received Import Request.
  Time since last request: 0.000310 seconds.
  path: Assets/Database/Visual Sets/Race/Human/Adult/AdultMale/Face/AdultMaleSkinSET.asset
  artifactKey: Guid(00be0b068f3a70144b5e51cdb394cdb3) Importer(815301076,1909f56bfc062723c751e8b465ee728b)
Start importing Assets/Database/Visual Sets/Race/Human/Adult/AdultMale/Face/AdultMaleSkinSET.asset using Guid(00be0b068f3a70144b5e51cdb394cdb3) Importer(815301076,1909f56bfc062723c751e8b465ee728b)  -> (artifact id: 'a6cebf414f5febb5c9ba8f5e124e0f4c') in 0.009055 seconds 
========================================================================
Received Import Request.
  Time since last request: 0.000273 seconds.
  path: Assets/Database/Dialog/Oracles Meeting I/Actions/Add Oraclese Tax 50.asset
  artifactKey: Guid(9b0a2dbedffb88c439afa4d52298052c) Importer(815301076,1909f56bfc062723c751e8b465ee728b)
Start importing Assets/Database/Dialog/Oracles Meeting I/Actions/Add Oraclese Tax 50.asset using Guid(9b0a2dbedffb88c439afa4d52298052c) Importer(815301076,1909f56bfc062723c751e8b465ee728b)  -> (artifact id: '70b271c108ae4db4f8127e4424d48d04') in 0.007203 seconds 
========================================================================
Received Import Request.
  Time since last request: 0.000290 seconds.
  path: Assets/Database/AgentActions/Arrest/Absent.asset
  artifactKey: Guid(974424d732f1e4347a042aa1ce300e04) Importer(815301076,1909f56bfc062723c751e8b465ee728b)
Start importing Assets/Database/AgentActions/Arrest/Absent.asset using Guid(974424d732f1e4347a042aa1ce300e04) Importer(815301076,1909f56bfc062723c751e8b465ee728b)  -> (artifact id: '7b0ffb376562e3f41722c11b6911fa51') in 0.046736 seconds 
========================================================================
Received Import Request.
  Time since last request: 0.000270 seconds.
  path: Assets/Database/Quests/Oracles Of The Night/Objectives/Select Your Tavern.asset
  artifactKey: Guid(d707bf42e6ef1754b8f996150de388cf) Importer(815301076,1909f56bfc062723c751e8b465ee728b)
Start importing Assets/Database/Quests/Oracles Of The Night/Objectives/Select Your Tavern.asset using Guid(d707bf42e6ef1754b8f996150de388cf) Importer(815301076,1909f56bfc062723c751e8b465ee728b)  -> (artifact id: '9da3e4a48324a9f8399df71b694bdda4') in 0.645907 seconds 
========================================================================
Received Import Request.
  Time since last request: 0.000421 seconds.
  path: Assets/Database/Quests/Rewards/Another Possible Consequence.asset
  artifactKey: Guid(0c33797bfb69f4343bf6d464a52648df) Importer(815301076,1909f56bfc062723c751e8b465ee728b)
Start importing Assets/Database/Quests/Rewards/Another Possible Consequence.asset using Guid(0c33797bfb69f4343bf6d464a52648df) Importer(815301076,1909f56bfc062723c751e8b465ee728b)  -> (artifact id: '0838dafcbdf5f671aaa092d6c31b62d7') in 0.031727 seconds 
========================================================================
Received Import Request.
  Time since last request: 0.000279 seconds.
  path: Assets/Prefabs/FactionSelectionItemSB.prefab
  artifactKey: Guid(4eca8e9c903048c49a44510567223684) Importer(815301076,1909f56bfc062723c751e8b465ee728b)
Start importing Assets/Prefabs/FactionSelectionItemSB.prefab using Guid(4eca8e9c903048c49a44510567223684) Importer(815301076,1909f56bfc062723c751e8b465ee728b)  -> (artifact id: '98b8ab50f1d34f6b4c44ff12d78cd943') in 0.009755 seconds 
========================================================================
Received Import Request.
  Time since last request: 0.000257 seconds.
  path: Assets/Database/Dialog/Oracles Meeting I/Decisions/Act Surprised....asset
  artifactKey: Guid(ef9c6f7679b43da4e85d40a5944dbc1b) Importer(815301076,1909f56bfc062723c751e8b465ee728b)
Start importing Assets/Database/Dialog/Oracles Meeting I/Decisions/Act Surprised....asset using Guid(ef9c6f7679b43da4e85d40a5944dbc1b) Importer(815301076,1909f56bfc062723c751e8b465ee728b)  -> (artifact id: '25a9ee61cec2b92a3ed7093f02831a28') in 0.727373 seconds 
========================================================================
Received Import Request.
  Time since last request: 0.000278 seconds.
  path: Assets/Database/Visual Sets/Race/Human/Adult/AdultMale/Hair/AdultMaleHairSET.asset
  artifactKey: Guid(2f284ac190f35ca469e3d57eb68f0d0f) Importer(815301076,1909f56bfc062723c751e8b465ee728b)
Start importing Assets/Database/Visual Sets/Race/Human/Adult/AdultMale/Hair/AdultMaleHairSET.asset using Guid(2f284ac190f35ca469e3d57eb68f0d0f) Importer(815301076,1909f56bfc062723c751e8b465ee728b)  -> (artifact id: '63c1d2e7873ebaed4de5d62bb4d8cbc5') in 0.014302 seconds 
========================================================================
Received Import Request.
  Time since last request: 0.000231 seconds.
  path: Assets/Prefabs/FactionSelectionItemCONST.prefab
  artifactKey: Guid(355ee02dae2e9dc48b70e4b1832e417e) Importer(815301076,1909f56bfc062723c751e8b465ee728b)
Start importing Assets/Prefabs/FactionSelectionItemCONST.prefab using Guid(355ee02dae2e9dc48b70e4b1832e417e) Importer(815301076,1909f56bfc062723c751e8b465ee728b)  -> (artifact id: '033934c8f1e58fc3175809a044bfd121') in 0.015444 seconds 
========================================================================
Received Import Request.
  Time since last request: 0.000179 seconds.
  path: Assets/Database/PresetCharacters/'The Blackend Seer'.asset
  artifactKey: Guid(464b0dace13c9644996d202d45ec20f7) Importer(815301076,1909f56bfc062723c751e8b465ee728b)
Start importing Assets/Database/PresetCharacters/'The Blackend Seer'.asset using Guid(464b0dace13c9644996d202d45ec20f7) Importer(815301076,1909f56bfc062723c751e8b465ee728b)  -> (artifact id: '07093491ed2c0cb785dfbca8ae6a2d72') in 0.040165 seconds 
========================================================================
Received Import Request.
  Time since last request: 0.000200 seconds.
  path: Assets/Database/Dialog/Oracles Duel/Julianna Wounded/Conditions/'Seduction' - Researched.asset
  artifactKey: Guid(ffcdb29766b7758489a279be65a8eabf) Importer(815301076,1909f56bfc062723c751e8b465ee728b)
Start importing Assets/Database/Dialog/Oracles Duel/Julianna Wounded/Conditions/'Seduction' - Researched.asset using Guid(ffcdb29766b7758489a279be65a8eabf) Importer(815301076,1909f56bfc062723c751e8b465ee728b)  -> (artifact id: '41612befd8806f79491b81f0b43d8b43') in 0.674032 seconds 
========================================================================
Received Import Request.
  Time since last request: 0.000234 seconds.
  path: Assets/Database/Dialog/Oracles Duel/Start/Conditions/'Master Of The Sword' - Researched.asset
  artifactKey: Guid(110ae8fe8e498314cab831da74309167) Importer(815301076,1909f56bfc062723c751e8b465ee728b)
Start importing Assets/Database/Dialog/Oracles Duel/Start/Conditions/'Master Of The Sword' - Researched.asset using Guid(110ae8fe8e498314cab831da74309167) Importer(815301076,1909f56bfc062723c751e8b465ee728b)  -> (artifact id: 'fe13bd4a2ed02a608c8466f0226a8383') in 0.665087 seconds 
========================================================================
Received Import Request.
  Time since last request: 0.000212 seconds.
  path: Assets/Database/Content Bundles/Room Story/Add Has Key To The Secret Room.asset
  artifactKey: Guid(dd062a9469d0c5946861b6a7435184d7) Importer(815301076,1909f56bfc062723c751e8b465ee728b)
Start importing Assets/Database/Content Bundles/Room Story/Add Has Key To The Secret Room.asset using Guid(dd062a9469d0c5946861b6a7435184d7) Importer(815301076,1909f56bfc062723c751e8b465ee728b)  -> (artifact id: '514a016d929ffecfe4932583d0db6f13') in 0.006749 seconds 
========================================================================
Received Import Request.
  Time since last request: 0.000213 seconds.
  path: Assets/Database/Popups/Arson/End/ArsonEndSea.asset
  artifactKey: Guid(798f20b1d44474f46b14aedd9ad0614a) Importer(815301076,1909f56bfc062723c751e8b465ee728b)
Start importing Assets/Database/Popups/Arson/End/ArsonEndSea.asset using Guid(798f20b1d44474f46b14aedd9ad0614a) Importer(815301076,1909f56bfc062723c751e8b465ee728b)  -> (artifact id: '9635abf7c84a92171fa37890d3ae012f') in 0.010930 seconds 
========================================================================
Received Import Request.
  Time since last request: 0.000251 seconds.
  path: Assets/Database/Popups/Arson/Start/Cunning/ArsonSeaCunning.asset
  artifactKey: Guid(33da55fd03ef69344a71b14ceb26306e) Importer(815301076,1909f56bfc062723c751e8b465ee728b)
Start importing Assets/Database/Popups/Arson/Start/Cunning/ArsonSeaCunning.asset using Guid(33da55fd03ef69344a71b14ceb26306e) Importer(815301076,1909f56bfc062723c751e8b465ee728b)  -> (artifact id: 'e034cfbce5a474cad0350532ebc5ded8') in 0.006553 seconds 
========================================================================
Received Import Request.
  Time since last request: 0.000369 seconds.
  path: Assets/Database/PresetCharacters/One Of Your Agents.asset
  artifactKey: Guid(bc2674dd54581794cac244c1407fea8e) Importer(815301076,1909f56bfc062723c751e8b465ee728b)
Start importing Assets/Database/PresetCharacters/One Of Your Agents.asset using Guid(bc2674dd54581794cac244c1407fea8e) Importer(815301076,1909f56bfc062723c751e8b465ee728b)  -> (artifact id: '05e07f4d42c208b67bb48a18c5ba8437') in 0.673091 seconds 
========================================================================
Received Import Request.
  Time since last request: 0.000279 seconds.
  path: Assets/Database/Dialog/Oracles Duel/Julianna Wounded/Conditions/'Treachery' - Researched.asset
  artifactKey: Guid(5fa8fb93bb905b34889bd32baa81ae6d) Importer(815301076,1909f56bfc062723c751e8b465ee728b)
Start importing Assets/Database/Dialog/Oracles Duel/Julianna Wounded/Conditions/'Treachery' - Researched.asset using Guid(5fa8fb93bb905b34889bd32baa81ae6d) Importer(815301076,1909f56bfc062723c751e8b465ee728b)  -> (artifact id: 'b4c0dd66844e3d4db1120a47d4ff017c') in 0.662889 seconds 
========================================================================
Received Import Request.
  Time since last request: 0.000217 seconds.
  path: Assets/Database/Quests/Rewards/Annoyingly Possible Consequence.asset
  artifactKey: Guid(66d2b611122dc4248baa126a9e447938) Importer(815301076,1909f56bfc062723c751e8b465ee728b)
Start importing Assets/Database/Quests/Rewards/Annoyingly Possible Consequence.asset using Guid(66d2b611122dc4248baa126a9e447938) Importer(815301076,1909f56bfc062723c751e8b465ee728b)  -> (artifact id: '5560616246e7321a5067447ef6b3d227') in 0.652247 seconds 
========================================================================
Received Import Request.
  Time since last request: 0.000284 seconds.
  path: Assets/Database/Content Bundles/Room Story/Dialog/Decisions/Hannas Responses/Add Hannas Response Rule 1.asset
  artifactKey: Guid(f99a8dbc12be6724c8919b365b62e80e) Importer(815301076,1909f56bfc062723c751e8b465ee728b)
Start importing Assets/Database/Content Bundles/Room Story/Dialog/Decisions/Hannas Responses/Add Hannas Response Rule 1.asset using Guid(f99a8dbc12be6724c8919b365b62e80e) Importer(815301076,1909f56bfc062723c751e8b465ee728b)  -> (artifact id: 'e0bb2bc5317b520ca506ac34ea8fd2f5') in 0.025209 seconds 
========================================================================
Received Import Request.
  Time since last request: 0.000258 seconds.
  path: Assets/Database/Dialog/Oracles Meeting I/Actions/Add Oraclese Tax 40.asset
  artifactKey: Guid(6c36859c1560c3d42a9f66d60acbac67) Importer(815301076,1909f56bfc062723c751e8b465ee728b)
Start importing Assets/Database/Dialog/Oracles Meeting I/Actions/Add Oraclese Tax 40.asset using Guid(6c36859c1560c3d42a9f66d60acbac67) Importer(815301076,1909f56bfc062723c751e8b465ee728b)  -> (artifact id: '6ada1f0572968e5d79a1da33b8408817') in 0.007120 seconds 
========================================================================
Received Import Request.
  Time since last request: 0.000192 seconds.
  path: Assets/Database/Quests/Oracles Of The Night/Recruiting Agents.asset
  artifactKey: Guid(0a4b16807559008478a8adb7972538a6) Importer(815301076,1909f56bfc062723c751e8b465ee728b)
Start importing Assets/Database/Quests/Oracles Of The Night/Recruiting Agents.asset using Guid(0a4b16807559008478a8adb7972538a6) Importer(815301076,1909f56bfc062723c751e8b465ee728b)  -> (artifact id: '47fa8bd145c2547647eb2c95fc9b662b') in 0.622331 seconds 
========================================================================
Received Import Request.
  Time since last request: 0.000266 seconds.
  path: Assets/Database/Popups/Arson/Start/Brute/ArsonSeaBruteForce.asset
  artifactKey: Guid(ff36310ab2360bb4681d7532c1affc5e) Importer(815301076,1909f56bfc062723c751e8b465ee728b)
Start importing Assets/Database/Popups/Arson/Start/Brute/ArsonSeaBruteForce.asset using Guid(ff36310ab2360bb4681d7532c1affc5e) Importer(815301076,1909f56bfc062723c751e8b465ee728b)  -> (artifact id: '346223f2f1adf6eda7069ab21b699572') in 0.006624 seconds 
========================================================================
Received Import Request.
  Time since last request: 0.000271 seconds.
  path: Assets/Resources/Audio/selection.mp3
  artifactKey: Guid(1fe3e15a8209a8b419dda6cc891d0f32) Importer(815301076,1909f56bfc062723c751e8b465ee728b)
Start importing Assets/Resources/Audio/selection.mp3 using Guid(1fe3e15a8209a8b419dda6cc891d0f32) Importer(815301076,1909f56bfc062723c751e8b465ee728b)  -> (artifact id: '2cdcd7beb17a69554a4087b4dac131d4') in 0.014832 seconds 
========================================================================
Received Import Request.
  Time since last request: 0.000255 seconds.
  path: Assets/Prefabs/FactionSelectionItemUNKNOWN.prefab
  artifactKey: Guid(c2dd6d680fc4ee34e879fd04bc96ac16) Importer(815301076,1909f56bfc062723c751e8b465ee728b)
Start importing Assets/Prefabs/FactionSelectionItemUNKNOWN.prefab using Guid(c2dd6d680fc4ee34e879fd04bc96ac16) Importer(815301076,1909f56bfc062723c751e8b465ee728b)  -> (artifact id: '760497eccfcdcf0b186751f9addeabb5') in 0.008527 seconds 
========================================================================
Received Import Request.
  Time since last request: 0.000361 seconds.
  path: Assets/Database/Dialog/Oracles Duel/Julianna Severly Wounded/Conditions/'Plot within a plot within a scheme within a con' - Researched.asset
  artifactKey: Guid(8cf2c67461241f84ca053605d934419a) Importer(815301076,1909f56bfc062723c751e8b465ee728b)
Start importing Assets/Database/Dialog/Oracles Duel/Julianna Severly Wounded/Conditions/'Plot within a plot within a scheme within a con' - Researched.asset using Guid(8cf2c67461241f84ca053605d934419a) Importer(815301076,1909f56bfc062723c751e8b465ee728b)  -> (artifact id: '5f6c9815cf1d98e0171f34623384a211') in 0.637008 seconds 
========================================================================
Received Import Request.
  Time since last request: 0.000226 seconds.
  path: Assets/Database/PlayerActions/OnCharacter/Select.asset
  artifactKey: Guid(00b1e3acccb189a44b559d59941a349f) Importer(815301076,1909f56bfc062723c751e8b465ee728b)
Start importing Assets/Database/PlayerActions/OnCharacter/Select.asset using Guid(00b1e3acccb189a44b559d59941a349f) Importer(815301076,1909f56bfc062723c751e8b465ee728b)  -> (artifact id: 'f84f9aefe3ffd994cd4c2fb41b99cabd') in 0.011491 seconds 
========================================================================
Received Import Request.
  Time since last request: 0.000271 seconds.
  path: Assets/Database/Dialog/Oracles Duel/Start/Conditions/'Xenophobic Agenda' - Researched.asset
  artifactKey: Guid(57440ea8db03da147a651cd140f47fdb) Importer(815301076,1909f56bfc062723c751e8b465ee728b)
Start importing Assets/Database/Dialog/Oracles Duel/Start/Conditions/'Xenophobic Agenda' - Researched.asset using Guid(57440ea8db03da147a651cd140f47fdb) Importer(815301076,1909f56bfc062723c751e8b465ee728b)  -> (artifact id: 'edd649598585de25887fed7421bfa4fd') in 0.824206 seconds 
========================================================================
Received Import Request.
  Time since last request: 0.000212 seconds.
  path: Assets/Database/PresetCharacters/'The Yellow Seer'.asset
  artifactKey: Guid(c371bb6055a42a54c9580da481f6947a) Importer(815301076,1909f56bfc062723c751e8b465ee728b)
Start importing Assets/Database/PresetCharacters/'The Yellow Seer'.asset using Guid(c371bb6055a42a54c9580da481f6947a) Importer(815301076,1909f56bfc062723c751e8b465ee728b)  -> (artifact id: '2ca0f0a5312e4b6dbe53bd9104bebee1') in 0.042800 seconds 
========================================================================
Received Prepare
Registering precompiled user dll's ...
Registered in 0.001322 seconds.
Begin MonoManager ReloadAssembly
Native extension for LinuxStandalone target not found
Native extension for WindowsStandalone target not found
Native extension for OSXStandalone target not found
Native extension for WebGL target not found
Refreshing native plugins compatible for Editor in 0.92 ms, found 1 plugins.
Preloading 0 native plugins for Editor in 0.00 ms.
Mono: successfully reloaded assembly
- Completed reload, in  1.012 seconds
Platform modules already initialized, skipping
Shader '2DxFX/AL/4Gradients': fallback shader 'Sprites-Defaultt' not found
Refreshing native plugins compatible for Editor in 0.97 ms, found 1 plugins.
Preloading 0 native plugins for Editor in 0.00 ms.
Unloading 2008 Unused Serialized files (Serialized files now loaded: 0)
System memory in use before: 255.0 MB.
System memory in use after: 255.2 MB.

Unloading 69 unused Assets to reduce memory usage. Loaded Objects now: 2863.
Total: 3.306670 ms (FindLiveObjects: 0.323305 ms CreateObjectMapping: 0.137615 ms MarkObjects: 2.478275 ms  DeleteObjects: 0.365972 ms)

========================================================================
Received Import Request.
  Time since last request: 26.332992 seconds.
  path: Assets/Scripts/UI/SelectAgentWindowUI.cs
  artifactKey: Guid(b17b0287ed10fb74a854f37977db3553) Importer(815301076,1909f56bfc062723c751e8b465ee728b)
Start importing Assets/Scripts/UI/SelectAgentWindowUI.cs using Guid(b17b0287ed10fb74a854f37977db3553) Importer(815301076,1909f56bfc062723c751e8b465ee728b)  -> (artifact id: '744b5226dbb84c6095c0f49df790d23c') in 0.008041 seconds 
========================================================================
Received Prepare
Registering precompiled user dll's ...
Registered in 0.001899 seconds.
Begin MonoManager ReloadAssembly
Native extension for LinuxStandalone target not found
Native extension for WindowsStandalone target not found
Native extension for OSXStandalone target not found
Native extension for WebGL target not found
Refreshing native plugins compatible for Editor in 0.94 ms, found 1 plugins.
Preloading 0 native plugins for Editor in 0.00 ms.
Mono: successfully reloaded assembly
- Completed reload, in  0.991 seconds
Platform modules already initialized, skipping
Shader '2DxFX/AL/4Gradients': fallback shader 'Sprites-Defaultt' not found
Refreshing native plugins compatible for Editor in 0.93 ms, found 1 plugins.
Preloading 0 native plugins for Editor in 0.00 ms.
Unloading 2008 Unused Serialized files (Serialized files now loaded: 0)
System memory in use before: 255.0 MB.
System memory in use after: 255.2 MB.

Unloading 66 unused Assets to reduce memory usage. Loaded Objects now: 2866.
Total: 3.245374 ms (FindLiveObjects: 0.304376 ms CreateObjectMapping: 0.109972 ms MarkObjects: 2.488491 ms  DeleteObjects: 0.341033 ms)

========================================================================
Received Prepare
Registering precompiled user dll's ...
Registered in 0.001512 seconds.
Begin MonoManager ReloadAssembly
Native extension for LinuxStandalone target not found
Native extension for WindowsStandalone target not found
Native extension for OSXStandalone target not found
Native extension for WebGL target not found
Refreshing native plugins compatible for Editor in 0.92 ms, found 1 plugins.
Preloading 0 native plugins for Editor in 0.00 ms.
Mono: successfully reloaded assembly
- Completed reload, in  0.943 seconds
Platform modules already initialized, skipping
Shader '2DxFX/AL/4Gradients': fallback shader 'Sprites-Defaultt' not found
Refreshing native plugins compatible for Editor in 0.94 ms, found 1 plugins.
Preloading 0 native plugins for Editor in 0.00 ms.
Unloading 2008 Unused Serialized files (Serialized files now loaded: 0)
System memory in use before: 255.1 MB.
System memory in use after: 255.2 MB.

Unloading 66 unused Assets to reduce memory usage. Loaded Objects now: 2869.
Total: 3.571684 ms (FindLiveObjects: 0.315794 ms CreateObjectMapping: 0.115981 ms MarkObjects: 2.774237 ms  DeleteObjects: 0.364770 ms)

========================================================================
Received Prepare
Registering precompiled user dll's ...
Registered in 0.002329 seconds.
Begin MonoManager ReloadAssembly
Native extension for LinuxStandalone target not found
Native extension for WindowsStandalone target not found
Native extension for OSXStandalone target not found
Native extension for WebGL target not found
Refreshing native plugins compatible for Editor in 1.17 ms, found 1 plugins.
Preloading 0 native plugins for Editor in 0.00 ms.
Mono: successfully reloaded assembly
- Completed reload, in  1.304 seconds
Platform modules already initialized, skipping
Shader '2DxFX/AL/4Gradients': fallback shader 'Sprites-Defaultt' not found
Refreshing native plugins compatible for Editor in 1.37 ms, found 1 plugins.
Preloading 0 native plugins for Editor in 0.00 ms.
Unloading 2008 Unused Serialized files (Serialized files now loaded: 0)
System memory in use before: 255.1 MB.
System memory in use after: 255.2 MB.

Unloading 66 unused Assets to reduce memory usage. Loaded Objects now: 2872.
Total: 4.815328 ms (FindLiveObjects: 0.491268 ms CreateObjectMapping: 0.221146 ms MarkObjects: 3.615252 ms  DeleteObjects: 0.486160 ms)

